14:44:27.673 [main] INFO  c.g.pay.AggPayWebApplicationTests - Starting AggPayWebApplicationTests on LAPTOP-DHQVS64H with PID 20396 (started by asus in F:\BZ_agg-pay-web\BZ_agg-pay-web)
14:44:27.674 [main] INFO  c.g.pay.AggPayWebApplicationTests - The following profiles are active: dev2
14:44:28.023 [main] INFO  o.s.w.c.s.GenericWebApplicationContext - Refreshing org.springframework.web.context.support.GenericWebApplicationContext@50dfbc58: startup date [Fri Dec 06 14:44:28 CST 2019]; root of context hierarchy
14:44:28.023 [main] INFO  o.s.w.c.s.GenericWebApplicationContext - Refreshing org.springframework.web.context.support.GenericWebApplicationContext@50dfbc58: startup date [Fri Dec 06 14:44:28 CST 2019]; root of context hierarchy
14:44:29.342 [main] WARN  o.m.s.mapper.ClassPathMapperScanner - No MyBatis mapper was found in '[com.ggeit.pay]' package. Please check your configuration.
14:44:30.072 [main] INFO  c.a.d.s.b.a.DruidDataSourceAutoConfigure - Init DruidDataSource
14:44:30.698 [main] INFO  c.alibaba.druid.pool.DruidDataSource - {dataSource-1} inited
14:44:31.698 [main] INFO  o.s.w.s.m.m.a.RequestMappingHandlerAdapter - Looking for @ControllerAdvice: org.springframework.web.context.support.GenericWebApplicationContext@50dfbc58: startup date [Fri Dec 06 14:44:28 CST 2019]; root of context hierarchy
14:44:31.698 [main] INFO  o.s.w.s.m.m.a.RequestMappingHandlerAdapter - Looking for @ControllerAdvice: org.springframework.web.context.support.GenericWebApplicationContext@50dfbc58: startup date [Fri Dec 06 14:44:28 CST 2019]; root of context hierarchy
14:44:31.782 [main] INFO  o.s.w.s.m.m.a.RequestMappingHandlerMapping - Mapped "{[/bz_data/bz_Alipay],methods=[GET]}" onto public java.lang.String com.ggeit.pay.controller.bz_HisController.index(javax.servlet.http.HttpServletRequest,javax.servlet.http.HttpServletResponse,java.lang.String,java.lang.String,java.lang.String,java.lang.String,java.lang.String,java.lang.String,java.util.Map<java.lang.String, java.lang.Object>) throws java.lang.Exception
14:44:31.782 [main] INFO  o.s.w.s.m.m.a.RequestMappingHandlerMapping - Mapped "{[/bz_data/bz_Alipay],methods=[GET]}" onto public java.lang.String com.ggeit.pay.controller.bz_HisController.index(javax.servlet.http.HttpServletRequest,javax.servlet.http.HttpServletResponse,java.lang.String,java.lang.String,java.lang.String,java.lang.String,java.lang.String,java.lang.String,java.util.Map<java.lang.String, java.lang.Object>) throws java.lang.Exception
14:44:31.784 [main] INFO  o.s.w.s.m.m.a.RequestMappingHandlerMapping - Mapped "{[/bz_data/failure],methods=[GET]}" onto public java.lang.String com.ggeit.pay.controller.bz_HisController.failure(java.util.Map<java.lang.String, java.lang.Object>,java.lang.String,java.lang.String)
14:44:31.784 [main] INFO  o.s.w.s.m.m.a.RequestMappingHandlerMapping - Mapped "{[/bz_data/failure],methods=[GET]}" onto public java.lang.String com.ggeit.pay.controller.bz_HisController.failure(java.util.Map<java.lang.String, java.lang.Object>,java.lang.String,java.lang.String)
14:44:31.785 [main] INFO  o.s.w.s.m.m.a.RequestMappingHandlerMapping - Mapped "{[/bz_data/bz_Wxpay],methods=[GET]}" onto public java.lang.String com.ggeit.pay.controller.bz_HisController.wxpay2his(javax.servlet.http.HttpServletRequest,javax.servlet.http.HttpServletResponse,java.lang.String,java.lang.String,java.lang.String,java.lang.String,java.lang.String,java.util.Map<java.lang.String, java.lang.Object>) throws java.lang.Exception
14:44:31.785 [main] INFO  o.s.w.s.m.m.a.RequestMappingHandlerMapping - Mapped "{[/bz_data/bz_Wxpay],methods=[GET]}" onto public java.lang.String com.ggeit.pay.controller.bz_HisController.wxpay2his(javax.servlet.http.HttpServletRequest,javax.servlet.http.HttpServletResponse,java.lang.String,java.lang.String,java.lang.String,java.lang.String,java.lang.String,java.util.Map<java.lang.String, java.lang.Object>) throws java.lang.Exception
14:44:31.785 [main] INFO  o.s.w.s.m.m.a.RequestMappingHandlerMapping - Mapped "{[/bz_data/success],methods=[GET]}" onto public java.lang.String com.ggeit.pay.controller.bz_HisController.success(java.util.Map<java.lang.String, java.lang.Object>,java.lang.String)
14:44:31.785 [main] INFO  o.s.w.s.m.m.a.RequestMappingHandlerMapping - Mapped "{[/bz_data/success],methods=[GET]}" onto public java.lang.String com.ggeit.pay.controller.bz_HisController.success(java.util.Map<java.lang.String, java.lang.Object>,java.lang.String)
14:44:31.787 [main] INFO  o.s.w.s.m.m.a.RequestMappingHandlerMapping - Mapped "{[/data/dowxpay],methods=[POST]}" onto public java.util.Map<java.lang.String, java.lang.Object> com.ggeit.pay.controller.DataController.doWxPay(java.lang.String,java.lang.String,java.lang.String,java.lang.String,java.lang.String) throws java.lang.Exception
14:44:31.787 [main] INFO  o.s.w.s.m.m.a.RequestMappingHandlerMapping - Mapped "{[/data/dowxpay],methods=[POST]}" onto public java.util.Map<java.lang.String, java.lang.Object> com.ggeit.pay.controller.DataController.doWxPay(java.lang.String,java.lang.String,java.lang.String,java.lang.String,java.lang.String) throws java.lang.Exception
14:44:31.788 [main] INFO  o.s.w.s.m.m.a.RequestMappingHandlerMapping - Mapped "{[/data/doalipay],methods=[POST]}" onto public java.util.Map<java.lang.String, java.lang.String> com.ggeit.pay.controller.DataController.doAliPay(java.lang.String,java.lang.String)
14:44:31.788 [main] INFO  o.s.w.s.m.m.a.RequestMappingHandlerMapping - Mapped "{[/data/doalipay],methods=[POST]}" onto public java.util.Map<java.lang.String, java.lang.String> com.ggeit.pay.controller.DataController.doAliPay(java.lang.String,java.lang.String)
14:44:31.789 [main] INFO  o.s.w.s.m.m.a.RequestMappingHandlerMapping - Mapped "{[/lay/index],methods=[GET]}" onto public java.lang.String com.ggeit.pay.controller.LayerController.index(javax.servlet.http.HttpServletRequest,javax.servlet.http.HttpServletResponse,java.lang.String,java.lang.String,java.util.Map<java.lang.String, java.lang.Object>) throws java.lang.Exception
14:44:31.789 [main] INFO  o.s.w.s.m.m.a.RequestMappingHandlerMapping - Mapped "{[/lay/index],methods=[GET]}" onto public java.lang.String com.ggeit.pay.controller.LayerController.index(javax.servlet.http.HttpServletRequest,javax.servlet.http.HttpServletResponse,java.lang.String,java.lang.String,java.util.Map<java.lang.String, java.lang.Object>) throws java.lang.Exception
14:44:31.789 [main] INFO  o.s.w.s.m.m.a.RequestMappingHandlerMapping - Mapped "{[/lay/wxcallback],methods=[GET]}" onto public java.lang.String com.ggeit.pay.controller.LayerController.doWxCallBack(javax.servlet.http.HttpServletRequest,javax.servlet.http.HttpServletResponse,java.lang.String,java.lang.String,java.lang.String,java.lang.String,java.lang.String,java.util.Map<java.lang.String, java.lang.Object>) throws java.lang.Exception
14:44:31.789 [main] INFO  o.s.w.s.m.m.a.RequestMappingHandlerMapping - Mapped "{[/lay/wxcallback],methods=[GET]}" onto public java.lang.String com.ggeit.pay.controller.LayerController.doWxCallBack(javax.servlet.http.HttpServletRequest,javax.servlet.http.HttpServletResponse,java.lang.String,java.lang.String,java.lang.String,java.lang.String,java.lang.String,java.util.Map<java.lang.String, java.lang.Object>) throws java.lang.Exception
14:44:31.790 [main] INFO  o.s.w.s.m.m.a.RequestMappingHandlerMapping - Mapped "{[/lay/alicallback],methods=[GET]}" onto public java.lang.String com.ggeit.pay.controller.LayerController.doAliCallBack(javax.servlet.http.HttpServletRequest,javax.servlet.http.HttpServletResponse,java.lang.String,java.lang.String,java.lang.String,java.lang.String,java.lang.String,java.util.Map<java.lang.String, java.lang.Object>) throws java.lang.Exception
14:44:31.790 [main] INFO  o.s.w.s.m.m.a.RequestMappingHandlerMapping - Mapped "{[/lay/alicallback],methods=[GET]}" onto public java.lang.String com.ggeit.pay.controller.LayerController.doAliCallBack(javax.servlet.http.HttpServletRequest,javax.servlet.http.HttpServletResponse,java.lang.String,java.lang.String,java.lang.String,java.lang.String,java.lang.String,java.util.Map<java.lang.String, java.lang.Object>) throws java.lang.Exception
14:44:31.792 [main] INFO  o.s.w.s.m.m.a.RequestMappingHandlerMapping - Mapped "{[/error]}" onto public org.springframework.http.ResponseEntity<java.util.Map<java.lang.String, java.lang.Object>> org.springframework.boot.autoconfigure.web.BasicErrorController.error(javax.servlet.http.HttpServletRequest)
14:44:31.792 [main] INFO  o.s.w.s.m.m.a.RequestMappingHandlerMapping - Mapped "{[/error]}" onto public org.springframework.http.ResponseEntity<java.util.Map<java.lang.String, java.lang.Object>> org.springframework.boot.autoconfigure.web.BasicErrorController.error(javax.servlet.http.HttpServletRequest)
14:44:31.794 [main] INFO  o.s.w.s.m.m.a.RequestMappingHandlerMapping - Mapped "{[/error],produces=[text/html]}" onto public org.springframework.web.servlet.ModelAndView org.springframework.boot.autoconfigure.web.BasicErrorController.errorHtml(javax.servlet.http.HttpServletRequest,javax.servlet.http.HttpServletResponse)
14:44:31.794 [main] INFO  o.s.w.s.m.m.a.RequestMappingHandlerMapping - Mapped "{[/error],produces=[text/html]}" onto public org.springframework.web.servlet.ModelAndView org.springframework.boot.autoconfigure.web.BasicErrorController.errorHtml(javax.servlet.http.HttpServletRequest,javax.servlet.http.HttpServletResponse)
14:44:31.835 [main] INFO  o.s.w.s.h.SimpleUrlHandlerMapping - Mapped URL path [/webjars/**] onto handler of type [class org.springframework.web.servlet.resource.ResourceHttpRequestHandler]
14:44:31.835 [main] INFO  o.s.w.s.h.SimpleUrlHandlerMapping - Mapped URL path [/webjars/**] onto handler of type [class org.springframework.web.servlet.resource.ResourceHttpRequestHandler]
14:44:31.836 [main] INFO  o.s.w.s.h.SimpleUrlHandlerMapping - Mapped URL path [/**] onto handler of type [class org.springframework.web.servlet.resource.ResourceHttpRequestHandler]
14:44:31.836 [main] INFO  o.s.w.s.h.SimpleUrlHandlerMapping - Mapped URL path [/**] onto handler of type [class org.springframework.web.servlet.resource.ResourceHttpRequestHandler]
14:44:31.898 [main] INFO  o.s.w.s.h.SimpleUrlHandlerMapping - Mapped URL path [/**/favicon.ico] onto handler of type [class org.springframework.web.servlet.resource.ResourceHttpRequestHandler]
14:44:31.898 [main] INFO  o.s.w.s.h.SimpleUrlHandlerMapping - Mapped URL path [/**/favicon.ico] onto handler of type [class org.springframework.web.servlet.resource.ResourceHttpRequestHandler]
14:44:33.059 [main] INFO  c.g.pay.AggPayWebApplicationTests - Started AggPayWebApplicationTests in 6.167 seconds (JVM running for 7.386)
14:44:33.175 [Thread-2] INFO  o.s.w.c.s.GenericWebApplicationContext - Closing org.springframework.web.context.support.GenericWebApplicationContext@50dfbc58: startup date [Fri Dec 06 14:44:28 CST 2019]; root of context hierarchy
14:44:33.175 [Thread-2] INFO  o.s.w.c.s.GenericWebApplicationContext - Closing org.springframework.web.context.support.GenericWebApplicationContext@50dfbc58: startup date [Fri Dec 06 14:44:28 CST 2019]; root of context hierarchy
14:44:33.179 [Thread-2] INFO  c.alibaba.druid.pool.DruidDataSource - {dataSource-1} closed
17:01:54.970 [main] INFO  c.g.pay.AggPayWebApplicationTests - Starting AggPayWebApplicationTests on LAPTOP-DHQVS64H with PID 12980 (started by asus in F:\BZ_agg-pay-web\BZ_agg-pay-web)
17:01:54.986 [main] INFO  c.g.pay.AggPayWebApplicationTests - The following profiles are active: dev2
17:01:55.170 [main] INFO  o.s.w.c.s.GenericWebApplicationContext - Refreshing org.springframework.web.context.support.GenericWebApplicationContext@50dfbc58: startup date [Fri Dec 06 17:01:55 CST 2019]; root of context hierarchy
17:01:55.170 [main] INFO  o.s.w.c.s.GenericWebApplicationContext - Refreshing org.springframework.web.context.support.GenericWebApplicationContext@50dfbc58: startup date [Fri Dec 06 17:01:55 CST 2019]; root of context hierarchy
17:01:55.764 [main] WARN  o.m.s.mapper.ClassPathMapperScanner - No MyBatis mapper was found in '[com.ggeit.pay]' package. Please check your configuration.
17:01:56.483 [main] INFO  c.a.d.s.b.a.DruidDataSourceAutoConfigure - Init DruidDataSource
17:01:57.122 [main] INFO  c.alibaba.druid.pool.DruidDataSource - {dataSource-1} inited
17:01:59.516 [main] INFO  o.s.w.s.m.m.a.RequestMappingHandlerAdapter - Looking for @ControllerAdvice: org.springframework.web.context.support.GenericWebApplicationContext@50dfbc58: startup date [Fri Dec 06 17:01:55 CST 2019]; root of context hierarchy
17:01:59.516 [main] INFO  o.s.w.s.m.m.a.RequestMappingHandlerAdapter - Looking for @ControllerAdvice: org.springframework.web.context.support.GenericWebApplicationContext@50dfbc58: startup date [Fri Dec 06 17:01:55 CST 2019]; root of context hierarchy
17:01:59.699 [main] INFO  o.s.w.s.m.m.a.RequestMappingHandlerMapping - Mapped "{[/bz_data/bz_Alipay],methods=[GET]}" onto public java.lang.String com.ggeit.pay.controller.bz_HisController.index(javax.servlet.http.HttpServletRequest,javax.servlet.http.HttpServletResponse,java.lang.String,java.lang.String,java.lang.String,java.lang.String,java.lang.String,java.lang.String,java.util.Map<java.lang.String, java.lang.Object>) throws java.lang.Exception
17:01:59.699 [main] INFO  o.s.w.s.m.m.a.RequestMappingHandlerMapping - Mapped "{[/bz_data/bz_Alipay],methods=[GET]}" onto public java.lang.String com.ggeit.pay.controller.bz_HisController.index(javax.servlet.http.HttpServletRequest,javax.servlet.http.HttpServletResponse,java.lang.String,java.lang.String,java.lang.String,java.lang.String,java.lang.String,java.lang.String,java.util.Map<java.lang.String, java.lang.Object>) throws java.lang.Exception
17:01:59.701 [main] INFO  o.s.w.s.m.m.a.RequestMappingHandlerMapping - Mapped "{[/bz_data/failure],methods=[GET]}" onto public java.lang.String com.ggeit.pay.controller.bz_HisController.failure(java.util.Map<java.lang.String, java.lang.Object>,java.lang.String,java.lang.String)
17:01:59.701 [main] INFO  o.s.w.s.m.m.a.RequestMappingHandlerMapping - Mapped "{[/bz_data/failure],methods=[GET]}" onto public java.lang.String com.ggeit.pay.controller.bz_HisController.failure(java.util.Map<java.lang.String, java.lang.Object>,java.lang.String,java.lang.String)
17:01:59.701 [main] INFO  o.s.w.s.m.m.a.RequestMappingHandlerMapping - Mapped "{[/bz_data/bz_Wxpay],methods=[GET]}" onto public java.lang.String com.ggeit.pay.controller.bz_HisController.wxpay2his(javax.servlet.http.HttpServletRequest,javax.servlet.http.HttpServletResponse,java.lang.String,java.lang.String,java.lang.String,java.lang.String,java.lang.String,java.util.Map<java.lang.String, java.lang.Object>) throws java.lang.Exception
17:01:59.701 [main] INFO  o.s.w.s.m.m.a.RequestMappingHandlerMapping - Mapped "{[/bz_data/bz_Wxpay],methods=[GET]}" onto public java.lang.String com.ggeit.pay.controller.bz_HisController.wxpay2his(javax.servlet.http.HttpServletRequest,javax.servlet.http.HttpServletResponse,java.lang.String,java.lang.String,java.lang.String,java.lang.String,java.lang.String,java.util.Map<java.lang.String, java.lang.Object>) throws java.lang.Exception
17:01:59.702 [main] INFO  o.s.w.s.m.m.a.RequestMappingHandlerMapping - Mapped "{[/bz_data/success],methods=[GET]}" onto public java.lang.String com.ggeit.pay.controller.bz_HisController.success(java.util.Map<java.lang.String, java.lang.Object>,java.lang.String)
17:01:59.702 [main] INFO  o.s.w.s.m.m.a.RequestMappingHandlerMapping - Mapped "{[/bz_data/success],methods=[GET]}" onto public java.lang.String com.ggeit.pay.controller.bz_HisController.success(java.util.Map<java.lang.String, java.lang.Object>,java.lang.String)
17:01:59.704 [main] INFO  o.s.w.s.m.m.a.RequestMappingHandlerMapping - Mapped "{[/data/dowxpay],methods=[POST]}" onto public java.util.Map<java.lang.String, java.lang.Object> com.ggeit.pay.controller.DataController.doWxPay(java.lang.String,java.lang.String,java.lang.String,java.lang.String,java.lang.String) throws java.lang.Exception
17:01:59.704 [main] INFO  o.s.w.s.m.m.a.RequestMappingHandlerMapping - Mapped "{[/data/dowxpay],methods=[POST]}" onto public java.util.Map<java.lang.String, java.lang.Object> com.ggeit.pay.controller.DataController.doWxPay(java.lang.String,java.lang.String,java.lang.String,java.lang.String,java.lang.String) throws java.lang.Exception
17:01:59.704 [main] INFO  o.s.w.s.m.m.a.RequestMappingHandlerMapping - Mapped "{[/data/doalipay],methods=[POST]}" onto public java.util.Map<java.lang.String, java.lang.String> com.ggeit.pay.controller.DataController.doAliPay(java.lang.String,java.lang.String)
17:01:59.704 [main] INFO  o.s.w.s.m.m.a.RequestMappingHandlerMapping - Mapped "{[/data/doalipay],methods=[POST]}" onto public java.util.Map<java.lang.String, java.lang.String> com.ggeit.pay.controller.DataController.doAliPay(java.lang.String,java.lang.String)
17:01:59.706 [main] INFO  o.s.w.s.m.m.a.RequestMappingHandlerMapping - Mapped "{[/lay/index],methods=[GET]}" onto public java.lang.String com.ggeit.pay.controller.LayerController.index(javax.servlet.http.HttpServletRequest,javax.servlet.http.HttpServletResponse,java.lang.String,java.lang.String,java.util.Map<java.lang.String, java.lang.Object>) throws java.lang.Exception
17:01:59.706 [main] INFO  o.s.w.s.m.m.a.RequestMappingHandlerMapping - Mapped "{[/lay/index],methods=[GET]}" onto public java.lang.String com.ggeit.pay.controller.LayerController.index(javax.servlet.http.HttpServletRequest,javax.servlet.http.HttpServletResponse,java.lang.String,java.lang.String,java.util.Map<java.lang.String, java.lang.Object>) throws java.lang.Exception
17:01:59.707 [main] INFO  o.s.w.s.m.m.a.RequestMappingHandlerMapping - Mapped "{[/lay/alicallback],methods=[GET]}" onto public java.lang.String com.ggeit.pay.controller.LayerController.doAliCallBack(javax.servlet.http.HttpServletRequest,javax.servlet.http.HttpServletResponse,java.lang.String,java.lang.String,java.lang.String,java.lang.String,java.lang.String,java.util.Map<java.lang.String, java.lang.Object>) throws java.lang.Exception
17:01:59.707 [main] INFO  o.s.w.s.m.m.a.RequestMappingHandlerMapping - Mapped "{[/lay/alicallback],methods=[GET]}" onto public java.lang.String com.ggeit.pay.controller.LayerController.doAliCallBack(javax.servlet.http.HttpServletRequest,javax.servlet.http.HttpServletResponse,java.lang.String,java.lang.String,java.lang.String,java.lang.String,java.lang.String,java.util.Map<java.lang.String, java.lang.Object>) throws java.lang.Exception
17:01:59.708 [main] INFO  o.s.w.s.m.m.a.RequestMappingHandlerMapping - Mapped "{[/lay/wxcallback],methods=[GET]}" onto public java.lang.String com.ggeit.pay.controller.LayerController.doWxCallBack(javax.servlet.http.HttpServletRequest,javax.servlet.http.HttpServletResponse,java.lang.String,java.lang.String,java.lang.String,java.lang.String,java.lang.String,java.util.Map<java.lang.String, java.lang.Object>) throws java.lang.Exception
17:01:59.708 [main] INFO  o.s.w.s.m.m.a.RequestMappingHandlerMapping - Mapped "{[/lay/wxcallback],methods=[GET]}" onto public java.lang.String com.ggeit.pay.controller.LayerController.doWxCallBack(javax.servlet.http.HttpServletRequest,javax.servlet.http.HttpServletResponse,java.lang.String,java.lang.String,java.lang.String,java.lang.String,java.lang.String,java.util.Map<java.lang.String, java.lang.Object>) throws java.lang.Exception
17:01:59.711 [main] INFO  o.s.w.s.m.m.a.RequestMappingHandlerMapping - Mapped "{[/error]}" onto public org.springframework.http.ResponseEntity<java.util.Map<java.lang.String, java.lang.Object>> org.springframework.boot.autoconfigure.web.BasicErrorController.error(javax.servlet.http.HttpServletRequest)
17:01:59.711 [main] INFO  o.s.w.s.m.m.a.RequestMappingHandlerMapping - Mapped "{[/error]}" onto public org.springframework.http.ResponseEntity<java.util.Map<java.lang.String, java.lang.Object>> org.springframework.boot.autoconfigure.web.BasicErrorController.error(javax.servlet.http.HttpServletRequest)
17:01:59.712 [main] INFO  o.s.w.s.m.m.a.RequestMappingHandlerMapping - Mapped "{[/error],produces=[text/html]}" onto public org.springframework.web.servlet.ModelAndView org.springframework.boot.autoconfigure.web.BasicErrorController.errorHtml(javax.servlet.http.HttpServletRequest,javax.servlet.http.HttpServletResponse)
17:01:59.712 [main] INFO  o.s.w.s.m.m.a.RequestMappingHandlerMapping - Mapped "{[/error],produces=[text/html]}" onto public org.springframework.web.servlet.ModelAndView org.springframework.boot.autoconfigure.web.BasicErrorController.errorHtml(javax.servlet.http.HttpServletRequest,javax.servlet.http.HttpServletResponse)
17:01:59.754 [main] INFO  o.s.w.s.h.SimpleUrlHandlerMapping - Mapped URL path [/webjars/**] onto handler of type [class org.springframework.web.servlet.resource.ResourceHttpRequestHandler]
17:01:59.754 [main] INFO  o.s.w.s.h.SimpleUrlHandlerMapping - Mapped URL path [/webjars/**] onto handler of type [class org.springframework.web.servlet.resource.ResourceHttpRequestHandler]
17:01:59.755 [main] INFO  o.s.w.s.h.SimpleUrlHandlerMapping - Mapped URL path [/**] onto handler of type [class org.springframework.web.servlet.resource.ResourceHttpRequestHandler]
17:01:59.755 [main] INFO  o.s.w.s.h.SimpleUrlHandlerMapping - Mapped URL path [/**] onto handler of type [class org.springframework.web.servlet.resource.ResourceHttpRequestHandler]
17:01:59.817 [main] INFO  o.s.w.s.h.SimpleUrlHandlerMapping - Mapped URL path [/**/favicon.ico] onto handler of type [class org.springframework.web.servlet.resource.ResourceHttpRequestHandler]
17:01:59.817 [main] INFO  o.s.w.s.h.SimpleUrlHandlerMapping - Mapped URL path [/**/favicon.ico] onto handler of type [class org.springframework.web.servlet.resource.ResourceHttpRequestHandler]
17:02:01.135 [main] INFO  c.g.pay.AggPayWebApplicationTests - Started AggPayWebApplicationTests in 6.621 seconds (JVM running for 7.295)
17:02:01.231 [Thread-2] INFO  o.s.w.c.s.GenericWebApplicationContext - Closing org.springframework.web.context.support.GenericWebApplicationContext@50dfbc58: startup date [Fri Dec 06 17:01:55 CST 2019]; root of context hierarchy
17:02:01.231 [Thread-2] INFO  o.s.w.c.s.GenericWebApplicationContext - Closing org.springframework.web.context.support.GenericWebApplicationContext@50dfbc58: startup date [Fri Dec 06 17:01:55 CST 2019]; root of context hierarchy
17:02:01.236 [Thread-2] INFO  c.alibaba.druid.pool.DruidDataSource - {dataSource-1} closed
17:02:39.417 [main] INFO  c.g.pay.AggPayWebApplicationTests - Starting AggPayWebApplicationTests on LAPTOP-DHQVS64H with PID 28416 (started by asus in F:\BZ_agg-pay-web\BZ_agg-pay-web)
17:02:39.418 [main] INFO  c.g.pay.AggPayWebApplicationTests - The following profiles are active: dev2
17:02:39.640 [main] INFO  o.s.w.c.s.GenericWebApplicationContext - Refreshing org.springframework.web.context.support.GenericWebApplicationContext@50dfbc58: startup date [Fri Dec 06 17:02:39 CST 2019]; root of context hierarchy
17:02:39.640 [main] INFO  o.s.w.c.s.GenericWebApplicationContext - Refreshing org.springframework.web.context.support.GenericWebApplicationContext@50dfbc58: startup date [Fri Dec 06 17:02:39 CST 2019]; root of context hierarchy
17:02:40.361 [main] WARN  o.m.s.mapper.ClassPathMapperScanner - No MyBatis mapper was found in '[com.ggeit.pay]' package. Please check your configuration.
17:02:41.125 [main] INFO  c.a.d.s.b.a.DruidDataSourceAutoConfigure - Init DruidDataSource
17:02:41.685 [main] INFO  c.alibaba.druid.pool.DruidDataSource - {dataSource-1} inited
17:02:42.556 [main] INFO  o.s.w.s.m.m.a.RequestMappingHandlerAdapter - Looking for @ControllerAdvice: org.springframework.web.context.support.GenericWebApplicationContext@50dfbc58: startup date [Fri Dec 06 17:02:39 CST 2019]; root of context hierarchy
17:02:42.556 [main] INFO  o.s.w.s.m.m.a.RequestMappingHandlerAdapter - Looking for @ControllerAdvice: org.springframework.web.context.support.GenericWebApplicationContext@50dfbc58: startup date [Fri Dec 06 17:02:39 CST 2019]; root of context hierarchy
17:02:42.646 [main] INFO  o.s.w.s.m.m.a.RequestMappingHandlerMapping - Mapped "{[/bz_data/bz_Alipay],methods=[GET]}" onto public java.lang.String com.ggeit.pay.controller.bz_HisController.index(javax.servlet.http.HttpServletRequest,javax.servlet.http.HttpServletResponse,java.lang.String,java.lang.String,java.lang.String,java.lang.String,java.lang.String,java.lang.String,java.util.Map<java.lang.String, java.lang.Object>) throws java.lang.Exception
17:02:42.646 [main] INFO  o.s.w.s.m.m.a.RequestMappingHandlerMapping - Mapped "{[/bz_data/bz_Alipay],methods=[GET]}" onto public java.lang.String com.ggeit.pay.controller.bz_HisController.index(javax.servlet.http.HttpServletRequest,javax.servlet.http.HttpServletResponse,java.lang.String,java.lang.String,java.lang.String,java.lang.String,java.lang.String,java.lang.String,java.util.Map<java.lang.String, java.lang.Object>) throws java.lang.Exception
17:02:42.647 [main] INFO  o.s.w.s.m.m.a.RequestMappingHandlerMapping - Mapped "{[/bz_data/failure],methods=[GET]}" onto public java.lang.String com.ggeit.pay.controller.bz_HisController.failure(java.util.Map<java.lang.String, java.lang.Object>,java.lang.String,java.lang.String)
17:02:42.647 [main] INFO  o.s.w.s.m.m.a.RequestMappingHandlerMapping - Mapped "{[/bz_data/failure],methods=[GET]}" onto public java.lang.String com.ggeit.pay.controller.bz_HisController.failure(java.util.Map<java.lang.String, java.lang.Object>,java.lang.String,java.lang.String)
17:02:42.648 [main] INFO  o.s.w.s.m.m.a.RequestMappingHandlerMapping - Mapped "{[/bz_data/success],methods=[GET]}" onto public java.lang.String com.ggeit.pay.controller.bz_HisController.success(java.util.Map<java.lang.String, java.lang.Object>,java.lang.String)
17:02:42.648 [main] INFO  o.s.w.s.m.m.a.RequestMappingHandlerMapping - Mapped "{[/bz_data/success],methods=[GET]}" onto public java.lang.String com.ggeit.pay.controller.bz_HisController.success(java.util.Map<java.lang.String, java.lang.Object>,java.lang.String)
17:02:42.648 [main] INFO  o.s.w.s.m.m.a.RequestMappingHandlerMapping - Mapped "{[/bz_data/bz_Wxpay],methods=[GET]}" onto public java.lang.String com.ggeit.pay.controller.bz_HisController.wxpay2his(javax.servlet.http.HttpServletRequest,javax.servlet.http.HttpServletResponse,java.lang.String,java.lang.String,java.lang.String,java.lang.String,java.lang.String,java.util.Map<java.lang.String, java.lang.Object>) throws java.lang.Exception
17:02:42.648 [main] INFO  o.s.w.s.m.m.a.RequestMappingHandlerMapping - Mapped "{[/bz_data/bz_Wxpay],methods=[GET]}" onto public java.lang.String com.ggeit.pay.controller.bz_HisController.wxpay2his(javax.servlet.http.HttpServletRequest,javax.servlet.http.HttpServletResponse,java.lang.String,java.lang.String,java.lang.String,java.lang.String,java.lang.String,java.util.Map<java.lang.String, java.lang.Object>) throws java.lang.Exception
17:02:42.651 [main] INFO  o.s.w.s.m.m.a.RequestMappingHandlerMapping - Mapped "{[/data/doalipay],methods=[POST]}" onto public java.util.Map<java.lang.String, java.lang.String> com.ggeit.pay.controller.DataController.doAliPay(java.lang.String,java.lang.String)
17:02:42.651 [main] INFO  o.s.w.s.m.m.a.RequestMappingHandlerMapping - Mapped "{[/data/doalipay],methods=[POST]}" onto public java.util.Map<java.lang.String, java.lang.String> com.ggeit.pay.controller.DataController.doAliPay(java.lang.String,java.lang.String)
17:02:42.651 [main] INFO  o.s.w.s.m.m.a.RequestMappingHandlerMapping - Mapped "{[/data/dowxpay],methods=[POST]}" onto public java.util.Map<java.lang.String, java.lang.Object> com.ggeit.pay.controller.DataController.doWxPay(java.lang.String,java.lang.String,java.lang.String,java.lang.String,java.lang.String) throws java.lang.Exception
17:02:42.651 [main] INFO  o.s.w.s.m.m.a.RequestMappingHandlerMapping - Mapped "{[/data/dowxpay],methods=[POST]}" onto public java.util.Map<java.lang.String, java.lang.Object> com.ggeit.pay.controller.DataController.doWxPay(java.lang.String,java.lang.String,java.lang.String,java.lang.String,java.lang.String) throws java.lang.Exception
17:02:42.653 [main] INFO  o.s.w.s.m.m.a.RequestMappingHandlerMapping - Mapped "{[/lay/index],methods=[GET]}" onto public java.lang.String com.ggeit.pay.controller.LayerController.index(javax.servlet.http.HttpServletRequest,javax.servlet.http.HttpServletResponse,java.lang.String,java.lang.String,java.util.Map<java.lang.String, java.lang.Object>) throws java.lang.Exception
17:02:42.653 [main] INFO  o.s.w.s.m.m.a.RequestMappingHandlerMapping - Mapped "{[/lay/index],methods=[GET]}" onto public java.lang.String com.ggeit.pay.controller.LayerController.index(javax.servlet.http.HttpServletRequest,javax.servlet.http.HttpServletResponse,java.lang.String,java.lang.String,java.util.Map<java.lang.String, java.lang.Object>) throws java.lang.Exception
17:02:42.653 [main] INFO  o.s.w.s.m.m.a.RequestMappingHandlerMapping - Mapped "{[/lay/alicallback],methods=[GET]}" onto public java.lang.String com.ggeit.pay.controller.LayerController.doAliCallBack(javax.servlet.http.HttpServletRequest,javax.servlet.http.HttpServletResponse,java.lang.String,java.lang.String,java.lang.String,java.lang.String,java.lang.String,java.util.Map<java.lang.String, java.lang.Object>) throws java.lang.Exception
17:02:42.653 [main] INFO  o.s.w.s.m.m.a.RequestMappingHandlerMapping - Mapped "{[/lay/alicallback],methods=[GET]}" onto public java.lang.String com.ggeit.pay.controller.LayerController.doAliCallBack(javax.servlet.http.HttpServletRequest,javax.servlet.http.HttpServletResponse,java.lang.String,java.lang.String,java.lang.String,java.lang.String,java.lang.String,java.util.Map<java.lang.String, java.lang.Object>) throws java.lang.Exception
17:02:42.654 [main] INFO  o.s.w.s.m.m.a.RequestMappingHandlerMapping - Mapped "{[/lay/wxcallback],methods=[GET]}" onto public java.lang.String com.ggeit.pay.controller.LayerController.doWxCallBack(javax.servlet.http.HttpServletRequest,javax.servlet.http.HttpServletResponse,java.lang.String,java.lang.String,java.lang.String,java.lang.String,java.lang.String,java.util.Map<java.lang.String, java.lang.Object>) throws java.lang.Exception
17:02:42.654 [main] INFO  o.s.w.s.m.m.a.RequestMappingHandlerMapping - Mapped "{[/lay/wxcallback],methods=[GET]}" onto public java.lang.String com.ggeit.pay.controller.LayerController.doWxCallBack(javax.servlet.http.HttpServletRequest,javax.servlet.http.HttpServletResponse,java.lang.String,java.lang.String,java.lang.String,java.lang.String,java.lang.String,java.util.Map<java.lang.String, java.lang.Object>) throws java.lang.Exception
17:02:42.656 [main] INFO  o.s.w.s.m.m.a.RequestMappingHandlerMapping - Mapped "{[/error]}" onto public org.springframework.http.ResponseEntity<java.util.Map<java.lang.String, java.lang.Object>> org.springframework.boot.autoconfigure.web.BasicErrorController.error(javax.servlet.http.HttpServletRequest)
17:02:42.656 [main] INFO  o.s.w.s.m.m.a.RequestMappingHandlerMapping - Mapped "{[/error]}" onto public org.springframework.http.ResponseEntity<java.util.Map<java.lang.String, java.lang.Object>> org.springframework.boot.autoconfigure.web.BasicErrorController.error(javax.servlet.http.HttpServletRequest)
17:02:42.656 [main] INFO  o.s.w.s.m.m.a.RequestMappingHandlerMapping - Mapped "{[/error],produces=[text/html]}" onto public org.springframework.web.servlet.ModelAndView org.springframework.boot.autoconfigure.web.BasicErrorController.errorHtml(javax.servlet.http.HttpServletRequest,javax.servlet.http.HttpServletResponse)
17:02:42.656 [main] INFO  o.s.w.s.m.m.a.RequestMappingHandlerMapping - Mapped "{[/error],produces=[text/html]}" onto public org.springframework.web.servlet.ModelAndView org.springframework.boot.autoconfigure.web.BasicErrorController.errorHtml(javax.servlet.http.HttpServletRequest,javax.servlet.http.HttpServletResponse)
17:02:42.685 [main] INFO  o.s.w.s.h.SimpleUrlHandlerMapping - Mapped URL path [/webjars/**] onto handler of type [class org.springframework.web.servlet.resource.ResourceHttpRequestHandler]
17:02:42.685 [main] INFO  o.s.w.s.h.SimpleUrlHandlerMapping - Mapped URL path [/webjars/**] onto handler of type [class org.springframework.web.servlet.resource.ResourceHttpRequestHandler]
17:02:42.686 [main] INFO  o.s.w.s.h.SimpleUrlHandlerMapping - Mapped URL path [/**] onto handler of type [class org.springframework.web.servlet.resource.ResourceHttpRequestHandler]
17:02:42.686 [main] INFO  o.s.w.s.h.SimpleUrlHandlerMapping - Mapped URL path [/**] onto handler of type [class org.springframework.web.servlet.resource.ResourceHttpRequestHandler]
17:02:42.730 [main] INFO  o.s.w.s.h.SimpleUrlHandlerMapping - Mapped URL path [/**/favicon.ico] onto handler of type [class org.springframework.web.servlet.resource.ResourceHttpRequestHandler]
17:02:42.730 [main] INFO  o.s.w.s.h.SimpleUrlHandlerMapping - Mapped URL path [/**/favicon.ico] onto handler of type [class org.springframework.web.servlet.resource.ResourceHttpRequestHandler]
17:02:43.394 [main] INFO  c.g.pay.AggPayWebApplicationTests - Started AggPayWebApplicationTests in 4.479 seconds (JVM running for 5.174)
17:02:43.451 [Thread-2] INFO  o.s.w.c.s.GenericWebApplicationContext - Closing org.springframework.web.context.support.GenericWebApplicationContext@50dfbc58: startup date [Fri Dec 06 17:02:39 CST 2019]; root of context hierarchy
17:02:43.451 [Thread-2] INFO  o.s.w.c.s.GenericWebApplicationContext - Closing org.springframework.web.context.support.GenericWebApplicationContext@50dfbc58: startup date [Fri Dec 06 17:02:39 CST 2019]; root of context hierarchy
17:02:43.455 [Thread-2] INFO  c.alibaba.druid.pool.DruidDataSource - {dataSource-1} closed
17:07:15.556 [main] INFO  c.g.pay.AggPayWebApplicationTests - Starting AggPayWebApplicationTests on LAPTOP-DHQVS64H with PID 13272 (started by asus in F:\BZ_agg-pay-web\BZ_agg-pay-web)
17:07:15.557 [main] INFO  c.g.pay.AggPayWebApplicationTests - The following profiles are active: dev2
17:07:15.755 [main] INFO  o.s.w.c.s.GenericWebApplicationContext - Refreshing org.springframework.web.context.support.GenericWebApplicationContext@50dfbc58: startup date [Fri Dec 06 17:07:15 CST 2019]; root of context hierarchy
17:07:15.755 [main] INFO  o.s.w.c.s.GenericWebApplicationContext - Refreshing org.springframework.web.context.support.GenericWebApplicationContext@50dfbc58: startup date [Fri Dec 06 17:07:15 CST 2019]; root of context hierarchy
17:07:16.393 [main] WARN  o.m.s.mapper.ClassPathMapperScanner - No MyBatis mapper was found in '[com.ggeit.pay]' package. Please check your configuration.
17:07:17.084 [main] INFO  c.a.d.s.b.a.DruidDataSourceAutoConfigure - Init DruidDataSource
17:07:17.931 [main] INFO  c.alibaba.druid.pool.DruidDataSource - {dataSource-1} inited
17:07:19.174 [main] INFO  o.s.w.s.m.m.a.RequestMappingHandlerAdapter - Looking for @ControllerAdvice: org.springframework.web.context.support.GenericWebApplicationContext@50dfbc58: startup date [Fri Dec 06 17:07:15 CST 2019]; root of context hierarchy
17:07:19.174 [main] INFO  o.s.w.s.m.m.a.RequestMappingHandlerAdapter - Looking for @ControllerAdvice: org.springframework.web.context.support.GenericWebApplicationContext@50dfbc58: startup date [Fri Dec 06 17:07:15 CST 2019]; root of context hierarchy
17:07:19.260 [main] INFO  o.s.w.s.m.m.a.RequestMappingHandlerMapping - Mapped "{[/bz_data/bz_Alipay],methods=[GET]}" onto public java.lang.String com.ggeit.pay.controller.bz_HisController.index(javax.servlet.http.HttpServletRequest,javax.servlet.http.HttpServletResponse,java.lang.String,java.lang.String,java.lang.String,java.lang.String,java.lang.String,java.lang.String,java.util.Map<java.lang.String, java.lang.Object>) throws java.lang.Exception
17:07:19.260 [main] INFO  o.s.w.s.m.m.a.RequestMappingHandlerMapping - Mapped "{[/bz_data/bz_Alipay],methods=[GET]}" onto public java.lang.String com.ggeit.pay.controller.bz_HisController.index(javax.servlet.http.HttpServletRequest,javax.servlet.http.HttpServletResponse,java.lang.String,java.lang.String,java.lang.String,java.lang.String,java.lang.String,java.lang.String,java.util.Map<java.lang.String, java.lang.Object>) throws java.lang.Exception
17:07:19.262 [main] INFO  o.s.w.s.m.m.a.RequestMappingHandlerMapping - Mapped "{[/bz_data/failure],methods=[GET]}" onto public java.lang.String com.ggeit.pay.controller.bz_HisController.failure(java.util.Map<java.lang.String, java.lang.Object>,java.lang.String,java.lang.String)
17:07:19.262 [main] INFO  o.s.w.s.m.m.a.RequestMappingHandlerMapping - Mapped "{[/bz_data/failure],methods=[GET]}" onto public java.lang.String com.ggeit.pay.controller.bz_HisController.failure(java.util.Map<java.lang.String, java.lang.Object>,java.lang.String,java.lang.String)
17:07:19.263 [main] INFO  o.s.w.s.m.m.a.RequestMappingHandlerMapping - Mapped "{[/bz_data/bz_Wxpay],methods=[GET]}" onto public java.lang.String com.ggeit.pay.controller.bz_HisController.wxpay2his(javax.servlet.http.HttpServletRequest,javax.servlet.http.HttpServletResponse,java.lang.String,java.lang.String,java.lang.String,java.lang.String,java.lang.String,java.util.Map<java.lang.String, java.lang.Object>) throws java.lang.Exception
17:07:19.263 [main] INFO  o.s.w.s.m.m.a.RequestMappingHandlerMapping - Mapped "{[/bz_data/bz_Wxpay],methods=[GET]}" onto public java.lang.String com.ggeit.pay.controller.bz_HisController.wxpay2his(javax.servlet.http.HttpServletRequest,javax.servlet.http.HttpServletResponse,java.lang.String,java.lang.String,java.lang.String,java.lang.String,java.lang.String,java.util.Map<java.lang.String, java.lang.Object>) throws java.lang.Exception
17:07:19.263 [main] INFO  o.s.w.s.m.m.a.RequestMappingHandlerMapping - Mapped "{[/bz_data/success],methods=[GET]}" onto public java.lang.String com.ggeit.pay.controller.bz_HisController.success(java.util.Map<java.lang.String, java.lang.Object>,java.lang.String)
17:07:19.263 [main] INFO  o.s.w.s.m.m.a.RequestMappingHandlerMapping - Mapped "{[/bz_data/success],methods=[GET]}" onto public java.lang.String com.ggeit.pay.controller.bz_HisController.success(java.util.Map<java.lang.String, java.lang.Object>,java.lang.String)
17:07:19.265 [main] INFO  o.s.w.s.m.m.a.RequestMappingHandlerMapping - Mapped "{[/data/doalipay],methods=[POST]}" onto public java.util.Map<java.lang.String, java.lang.String> com.ggeit.pay.controller.DataController.doAliPay(java.lang.String,java.lang.String)
17:07:19.265 [main] INFO  o.s.w.s.m.m.a.RequestMappingHandlerMapping - Mapped "{[/data/doalipay],methods=[POST]}" onto public java.util.Map<java.lang.String, java.lang.String> com.ggeit.pay.controller.DataController.doAliPay(java.lang.String,java.lang.String)
17:07:19.266 [main] INFO  o.s.w.s.m.m.a.RequestMappingHandlerMapping - Mapped "{[/data/dowxpay],methods=[POST]}" onto public java.util.Map<java.lang.String, java.lang.Object> com.ggeit.pay.controller.DataController.doWxPay(java.lang.String,java.lang.String,java.lang.String,java.lang.String,java.lang.String) throws java.lang.Exception
17:07:19.266 [main] INFO  o.s.w.s.m.m.a.RequestMappingHandlerMapping - Mapped "{[/data/dowxpay],methods=[POST]}" onto public java.util.Map<java.lang.String, java.lang.Object> com.ggeit.pay.controller.DataController.doWxPay(java.lang.String,java.lang.String,java.lang.String,java.lang.String,java.lang.String) throws java.lang.Exception
17:07:19.267 [main] INFO  o.s.w.s.m.m.a.RequestMappingHandlerMapping - Mapped "{[/lay/index],methods=[GET]}" onto public java.lang.String com.ggeit.pay.controller.LayerController.index(javax.servlet.http.HttpServletRequest,javax.servlet.http.HttpServletResponse,java.lang.String,java.lang.String,java.util.Map<java.lang.String, java.lang.Object>) throws java.lang.Exception
17:07:19.267 [main] INFO  o.s.w.s.m.m.a.RequestMappingHandlerMapping - Mapped "{[/lay/index],methods=[GET]}" onto public java.lang.String com.ggeit.pay.controller.LayerController.index(javax.servlet.http.HttpServletRequest,javax.servlet.http.HttpServletResponse,java.lang.String,java.lang.String,java.util.Map<java.lang.String, java.lang.Object>) throws java.lang.Exception
17:07:19.268 [main] INFO  o.s.w.s.m.m.a.RequestMappingHandlerMapping - Mapped "{[/lay/wxcallback],methods=[GET]}" onto public java.lang.String com.ggeit.pay.controller.LayerController.doWxCallBack(javax.servlet.http.HttpServletRequest,javax.servlet.http.HttpServletResponse,java.lang.String,java.lang.String,java.lang.String,java.lang.String,java.lang.String,java.util.Map<java.lang.String, java.lang.Object>) throws java.lang.Exception
17:07:19.268 [main] INFO  o.s.w.s.m.m.a.RequestMappingHandlerMapping - Mapped "{[/lay/wxcallback],methods=[GET]}" onto public java.lang.String com.ggeit.pay.controller.LayerController.doWxCallBack(javax.servlet.http.HttpServletRequest,javax.servlet.http.HttpServletResponse,java.lang.String,java.lang.String,java.lang.String,java.lang.String,java.lang.String,java.util.Map<java.lang.String, java.lang.Object>) throws java.lang.Exception
17:07:19.269 [main] INFO  o.s.w.s.m.m.a.RequestMappingHandlerMapping - Mapped "{[/lay/alicallback],methods=[GET]}" onto public java.lang.String com.ggeit.pay.controller.LayerController.doAliCallBack(javax.servlet.http.HttpServletRequest,javax.servlet.http.HttpServletResponse,java.lang.String,java.lang.String,java.lang.String,java.lang.String,java.lang.String,java.util.Map<java.lang.String, java.lang.Object>) throws java.lang.Exception
17:07:19.269 [main] INFO  o.s.w.s.m.m.a.RequestMappingHandlerMapping - Mapped "{[/lay/alicallback],methods=[GET]}" onto public java.lang.String com.ggeit.pay.controller.LayerController.doAliCallBack(javax.servlet.http.HttpServletRequest,javax.servlet.http.HttpServletResponse,java.lang.String,java.lang.String,java.lang.String,java.lang.String,java.lang.String,java.util.Map<java.lang.String, java.lang.Object>) throws java.lang.Exception
17:07:19.271 [main] INFO  o.s.w.s.m.m.a.RequestMappingHandlerMapping - Mapped "{[/error]}" onto public org.springframework.http.ResponseEntity<java.util.Map<java.lang.String, java.lang.Object>> org.springframework.boot.autoconfigure.web.BasicErrorController.error(javax.servlet.http.HttpServletRequest)
17:07:19.271 [main] INFO  o.s.w.s.m.m.a.RequestMappingHandlerMapping - Mapped "{[/error]}" onto public org.springframework.http.ResponseEntity<java.util.Map<java.lang.String, java.lang.Object>> org.springframework.boot.autoconfigure.web.BasicErrorController.error(javax.servlet.http.HttpServletRequest)
17:07:19.272 [main] INFO  o.s.w.s.m.m.a.RequestMappingHandlerMapping - Mapped "{[/error],produces=[text/html]}" onto public org.springframework.web.servlet.ModelAndView org.springframework.boot.autoconfigure.web.BasicErrorController.errorHtml(javax.servlet.http.HttpServletRequest,javax.servlet.http.HttpServletResponse)
17:07:19.272 [main] INFO  o.s.w.s.m.m.a.RequestMappingHandlerMapping - Mapped "{[/error],produces=[text/html]}" onto public org.springframework.web.servlet.ModelAndView org.springframework.boot.autoconfigure.web.BasicErrorController.errorHtml(javax.servlet.http.HttpServletRequest,javax.servlet.http.HttpServletResponse)
17:07:19.321 [main] INFO  o.s.w.s.h.SimpleUrlHandlerMapping - Mapped URL path [/webjars/**] onto handler of type [class org.springframework.web.servlet.resource.ResourceHttpRequestHandler]
17:07:19.321 [main] INFO  o.s.w.s.h.SimpleUrlHandlerMapping - Mapped URL path [/webjars/**] onto handler of type [class org.springframework.web.servlet.resource.ResourceHttpRequestHandler]
17:07:19.322 [main] INFO  o.s.w.s.h.SimpleUrlHandlerMapping - Mapped URL path [/**] onto handler of type [class org.springframework.web.servlet.resource.ResourceHttpRequestHandler]
17:07:19.322 [main] INFO  o.s.w.s.h.SimpleUrlHandlerMapping - Mapped URL path [/**] onto handler of type [class org.springframework.web.servlet.resource.ResourceHttpRequestHandler]
17:07:19.372 [main] INFO  o.s.w.s.h.SimpleUrlHandlerMapping - Mapped URL path [/**/favicon.ico] onto handler of type [class org.springframework.web.servlet.resource.ResourceHttpRequestHandler]
17:07:19.372 [main] INFO  o.s.w.s.h.SimpleUrlHandlerMapping - Mapped URL path [/**/favicon.ico] onto handler of type [class org.springframework.web.servlet.resource.ResourceHttpRequestHandler]
17:07:20.227 [main] INFO  c.g.pay.AggPayWebApplicationTests - Started AggPayWebApplicationTests in 5.196 seconds (JVM running for 5.898)
17:07:20.294 [Thread-2] INFO  o.s.w.c.s.GenericWebApplicationContext - Closing org.springframework.web.context.support.GenericWebApplicationContext@50dfbc58: startup date [Fri Dec 06 17:07:15 CST 2019]; root of context hierarchy
17:07:20.294 [Thread-2] INFO  o.s.w.c.s.GenericWebApplicationContext - Closing org.springframework.web.context.support.GenericWebApplicationContext@50dfbc58: startup date [Fri Dec 06 17:07:15 CST 2019]; root of context hierarchy
17:07:20.298 [Thread-2] INFO  c.alibaba.druid.pool.DruidDataSource - {dataSource-1} closed
