08:36:20.212 [main] INFO  c.g.pay.AggPayWebApplicationTests - Starting AggPayWebApplicationTests on LAPTOP-DHQVS64H with PID 16792 (started by asus in F:\BZ_agg-pay-web\BZ_agg-pay-web)
08:36:20.213 [main] INFO  c.g.pay.AggPayWebApplicationTests - The following profiles are active: dev2
08:36:20.578 [main] INFO  o.s.w.c.s.GenericWebApplicationContext - Refreshing org.springframework.web.context.support.GenericWebApplicationContext@50dfbc58: startup date [Thu Dec 12 08:36:20 CST 2019]; root of context hierarchy
08:36:20.578 [main] INFO  o.s.w.c.s.GenericWebApplicationContext - Refreshing org.springframework.web.context.support.GenericWebApplicationContext@50dfbc58: startup date [Thu Dec 12 08:36:20 CST 2019]; root of context hierarchy
08:36:21.747 [main] WARN  o.m.s.mapper.ClassPathMapperScanner - No MyBatis mapper was found in '[com.ggeit.pay]' package. Please check your configuration.
08:36:22.820 [main] INFO  c.a.d.s.b.a.DruidDataSourceAutoConfigure - Init DruidDataSource
08:36:23.500 [main] INFO  c.alibaba.druid.pool.DruidDataSource - {dataSource-1} inited
08:36:24.660 [main] INFO  o.s.w.s.m.m.a.RequestMappingHandlerAdapter - Looking for @ControllerAdvice: org.springframework.web.context.support.GenericWebApplicationContext@50dfbc58: startup date [Thu Dec 12 08:36:20 CST 2019]; root of context hierarchy
08:36:24.660 [main] INFO  o.s.w.s.m.m.a.RequestMappingHandlerAdapter - Looking for @ControllerAdvice: org.springframework.web.context.support.GenericWebApplicationContext@50dfbc58: startup date [Thu Dec 12 08:36:20 CST 2019]; root of context hierarchy
08:36:24.776 [main] INFO  o.s.w.s.m.m.a.RequestMappingHandlerMapping - Mapped "{[/bz_data/bz_Alipay],methods=[GET]}" onto public java.lang.String com.ggeit.pay.controller.bz_HisController.index(javax.servlet.http.HttpServletRequest,javax.servlet.http.HttpServletResponse,java.lang.String,java.lang.String,java.lang.String,java.lang.String,java.lang.String,java.lang.String,java.util.Map<java.lang.String, java.lang.Object>) throws java.lang.Exception
08:36:24.776 [main] INFO  o.s.w.s.m.m.a.RequestMappingHandlerMapping - Mapped "{[/bz_data/bz_Alipay],methods=[GET]}" onto public java.lang.String com.ggeit.pay.controller.bz_HisController.index(javax.servlet.http.HttpServletRequest,javax.servlet.http.HttpServletResponse,java.lang.String,java.lang.String,java.lang.String,java.lang.String,java.lang.String,java.lang.String,java.util.Map<java.lang.String, java.lang.Object>) throws java.lang.Exception
08:36:24.777 [main] INFO  o.s.w.s.m.m.a.RequestMappingHandlerMapping - Mapped "{[/bz_data/failure],methods=[GET]}" onto public java.lang.String com.ggeit.pay.controller.bz_HisController.failure(java.util.Map<java.lang.String, java.lang.Object>,java.lang.String,java.lang.String)
08:36:24.777 [main] INFO  o.s.w.s.m.m.a.RequestMappingHandlerMapping - Mapped "{[/bz_data/failure],methods=[GET]}" onto public java.lang.String com.ggeit.pay.controller.bz_HisController.failure(java.util.Map<java.lang.String, java.lang.Object>,java.lang.String,java.lang.String)
08:36:24.778 [main] INFO  o.s.w.s.m.m.a.RequestMappingHandlerMapping - Mapped "{[/bz_data/bz_Wxpay],methods=[GET]}" onto public java.lang.String com.ggeit.pay.controller.bz_HisController.wxpay2his(javax.servlet.http.HttpServletRequest,javax.servlet.http.HttpServletResponse,java.lang.String,java.lang.String,java.lang.String,java.lang.String,java.lang.String,java.util.Map<java.lang.String, java.lang.Object>) throws java.lang.Exception
08:36:24.778 [main] INFO  o.s.w.s.m.m.a.RequestMappingHandlerMapping - Mapped "{[/bz_data/bz_Wxpay],methods=[GET]}" onto public java.lang.String com.ggeit.pay.controller.bz_HisController.wxpay2his(javax.servlet.http.HttpServletRequest,javax.servlet.http.HttpServletResponse,java.lang.String,java.lang.String,java.lang.String,java.lang.String,java.lang.String,java.util.Map<java.lang.String, java.lang.Object>) throws java.lang.Exception
08:36:24.779 [main] INFO  o.s.w.s.m.m.a.RequestMappingHandlerMapping - Mapped "{[/bz_data/success],methods=[GET]}" onto public java.lang.String com.ggeit.pay.controller.bz_HisController.success(java.util.Map<java.lang.String, java.lang.Object>,java.lang.String)
08:36:24.779 [main] INFO  o.s.w.s.m.m.a.RequestMappingHandlerMapping - Mapped "{[/bz_data/success],methods=[GET]}" onto public java.lang.String com.ggeit.pay.controller.bz_HisController.success(java.util.Map<java.lang.String, java.lang.Object>,java.lang.String)
08:36:24.780 [main] INFO  o.s.w.s.m.m.a.RequestMappingHandlerMapping - Mapped "{[/data/doalipay],methods=[POST]}" onto public java.util.Map<java.lang.String, java.lang.String> com.ggeit.pay.controller.DataController.doAliPay(java.lang.String,java.lang.String)
08:36:24.780 [main] INFO  o.s.w.s.m.m.a.RequestMappingHandlerMapping - Mapped "{[/data/doalipay],methods=[POST]}" onto public java.util.Map<java.lang.String, java.lang.String> com.ggeit.pay.controller.DataController.doAliPay(java.lang.String,java.lang.String)
08:36:24.781 [main] INFO  o.s.w.s.m.m.a.RequestMappingHandlerMapping - Mapped "{[/data/dowxpay],methods=[POST]}" onto public java.util.Map<java.lang.String, java.lang.Object> com.ggeit.pay.controller.DataController.doWxPay(java.lang.String,java.lang.String,java.lang.String,java.lang.String,java.lang.String) throws java.lang.Exception
08:36:24.781 [main] INFO  o.s.w.s.m.m.a.RequestMappingHandlerMapping - Mapped "{[/data/dowxpay],methods=[POST]}" onto public java.util.Map<java.lang.String, java.lang.Object> com.ggeit.pay.controller.DataController.doWxPay(java.lang.String,java.lang.String,java.lang.String,java.lang.String,java.lang.String) throws java.lang.Exception
08:36:24.782 [main] INFO  o.s.w.s.m.m.a.RequestMappingHandlerMapping - Mapped "{[/lay/index],methods=[GET]}" onto public java.lang.String com.ggeit.pay.controller.LayerController.index(javax.servlet.http.HttpServletRequest,javax.servlet.http.HttpServletResponse,java.lang.String,java.lang.String,java.util.Map<java.lang.String, java.lang.Object>) throws java.lang.Exception
08:36:24.782 [main] INFO  o.s.w.s.m.m.a.RequestMappingHandlerMapping - Mapped "{[/lay/index],methods=[GET]}" onto public java.lang.String com.ggeit.pay.controller.LayerController.index(javax.servlet.http.HttpServletRequest,javax.servlet.http.HttpServletResponse,java.lang.String,java.lang.String,java.util.Map<java.lang.String, java.lang.Object>) throws java.lang.Exception
08:36:24.782 [main] INFO  o.s.w.s.m.m.a.RequestMappingHandlerMapping - Mapped "{[/lay/wxcallback],methods=[GET]}" onto public java.lang.String com.ggeit.pay.controller.LayerController.doWxCallBack(javax.servlet.http.HttpServletRequest,javax.servlet.http.HttpServletResponse,java.lang.String,java.lang.String,java.lang.String,java.lang.String,java.lang.String,java.util.Map<java.lang.String, java.lang.Object>) throws java.lang.Exception
08:36:24.782 [main] INFO  o.s.w.s.m.m.a.RequestMappingHandlerMapping - Mapped "{[/lay/wxcallback],methods=[GET]}" onto public java.lang.String com.ggeit.pay.controller.LayerController.doWxCallBack(javax.servlet.http.HttpServletRequest,javax.servlet.http.HttpServletResponse,java.lang.String,java.lang.String,java.lang.String,java.lang.String,java.lang.String,java.util.Map<java.lang.String, java.lang.Object>) throws java.lang.Exception
08:36:24.783 [main] INFO  o.s.w.s.m.m.a.RequestMappingHandlerMapping - Mapped "{[/lay/alicallback],methods=[GET]}" onto public java.lang.String com.ggeit.pay.controller.LayerController.doAliCallBack(javax.servlet.http.HttpServletRequest,javax.servlet.http.HttpServletResponse,java.lang.String,java.lang.String,java.lang.String,java.lang.String,java.lang.String,java.util.Map<java.lang.String, java.lang.Object>) throws java.lang.Exception
08:36:24.783 [main] INFO  o.s.w.s.m.m.a.RequestMappingHandlerMapping - Mapped "{[/lay/alicallback],methods=[GET]}" onto public java.lang.String com.ggeit.pay.controller.LayerController.doAliCallBack(javax.servlet.http.HttpServletRequest,javax.servlet.http.HttpServletResponse,java.lang.String,java.lang.String,java.lang.String,java.lang.String,java.lang.String,java.util.Map<java.lang.String, java.lang.Object>) throws java.lang.Exception
08:36:24.785 [main] INFO  o.s.w.s.m.m.a.RequestMappingHandlerMapping - Mapped "{[/error]}" onto public org.springframework.http.ResponseEntity<java.util.Map<java.lang.String, java.lang.Object>> org.springframework.boot.autoconfigure.web.BasicErrorController.error(javax.servlet.http.HttpServletRequest)
08:36:24.785 [main] INFO  o.s.w.s.m.m.a.RequestMappingHandlerMapping - Mapped "{[/error]}" onto public org.springframework.http.ResponseEntity<java.util.Map<java.lang.String, java.lang.Object>> org.springframework.boot.autoconfigure.web.BasicErrorController.error(javax.servlet.http.HttpServletRequest)
08:36:24.786 [main] INFO  o.s.w.s.m.m.a.RequestMappingHandlerMapping - Mapped "{[/error],produces=[text/html]}" onto public org.springframework.web.servlet.ModelAndView org.springframework.boot.autoconfigure.web.BasicErrorController.errorHtml(javax.servlet.http.HttpServletRequest,javax.servlet.http.HttpServletResponse)
08:36:24.786 [main] INFO  o.s.w.s.m.m.a.RequestMappingHandlerMapping - Mapped "{[/error],produces=[text/html]}" onto public org.springframework.web.servlet.ModelAndView org.springframework.boot.autoconfigure.web.BasicErrorController.errorHtml(javax.servlet.http.HttpServletRequest,javax.servlet.http.HttpServletResponse)
08:36:24.820 [main] INFO  o.s.w.s.h.SimpleUrlHandlerMapping - Mapped URL path [/webjars/**] onto handler of type [class org.springframework.web.servlet.resource.ResourceHttpRequestHandler]
08:36:24.820 [main] INFO  o.s.w.s.h.SimpleUrlHandlerMapping - Mapped URL path [/webjars/**] onto handler of type [class org.springframework.web.servlet.resource.ResourceHttpRequestHandler]
08:36:24.821 [main] INFO  o.s.w.s.h.SimpleUrlHandlerMapping - Mapped URL path [/**] onto handler of type [class org.springframework.web.servlet.resource.ResourceHttpRequestHandler]
08:36:24.821 [main] INFO  o.s.w.s.h.SimpleUrlHandlerMapping - Mapped URL path [/**] onto handler of type [class org.springframework.web.servlet.resource.ResourceHttpRequestHandler]
08:36:24.887 [main] INFO  o.s.w.s.h.SimpleUrlHandlerMapping - Mapped URL path [/**/favicon.ico] onto handler of type [class org.springframework.web.servlet.resource.ResourceHttpRequestHandler]
08:36:24.887 [main] INFO  o.s.w.s.h.SimpleUrlHandlerMapping - Mapped URL path [/**/favicon.ico] onto handler of type [class org.springframework.web.servlet.resource.ResourceHttpRequestHandler]
08:36:27.853 [main] INFO  c.g.pay.AggPayWebApplicationTests - Started AggPayWebApplicationTests in 8.964 seconds (JVM running for 10.446)
08:36:28.373 [Thread-2] INFO  o.s.w.c.s.GenericWebApplicationContext - Closing org.springframework.web.context.support.GenericWebApplicationContext@50dfbc58: startup date [Thu Dec 12 08:36:20 CST 2019]; root of context hierarchy
08:36:28.373 [Thread-2] INFO  o.s.w.c.s.GenericWebApplicationContext - Closing org.springframework.web.context.support.GenericWebApplicationContext@50dfbc58: startup date [Thu Dec 12 08:36:20 CST 2019]; root of context hierarchy
08:36:28.378 [Thread-2] INFO  c.alibaba.druid.pool.DruidDataSource - {dataSource-1} closed
