13:16:33.151 [main] INFO  c.g.pay.AggPayWebApplicationTests - Starting AggPayWebApplicationTests on LAPTOP-DHQVS64H with PID 13956 (started by asus in F:\SpringBootProject\TC_agg-pay-web)
13:16:33.152 [main] INFO  c.g.pay.AggPayWebApplicationTests - The following profiles are active: dev2
13:16:33.662 [main] INFO  o.s.w.c.s.GenericWebApplicationContext - Refreshing org.springframework.web.context.support.GenericWebApplicationContext@418c5a9c: startup date [Mon Dec 30 13:16:33 CST 2019]; root of context hierarchy
13:16:33.662 [main] INFO  o.s.w.c.s.GenericWebApplicationContext - Refreshing org.springframework.web.context.support.GenericWebApplicationContext@418c5a9c: startup date [Mon Dec 30 13:16:33 CST 2019]; root of context hierarchy
13:16:34.949 [main] WARN  o.m.s.mapper.ClassPathMapperScanner - No MyBatis mapper was found in '[com.ggeit.pay]' package. Please check your configuration.
13:16:35.757 [main] INFO  c.a.d.s.b.a.DruidDataSourceAutoConfigure - Init DruidDataSource
13:16:36.380 [main] INFO  c.alibaba.druid.pool.DruidDataSource - {dataSource-1} inited
13:16:38.202 [main] INFO  o.s.w.s.m.m.a.RequestMappingHandlerAdapter - Looking for @ControllerAdvice: org.springframework.web.context.support.GenericWebApplicationContext@418c5a9c: startup date [Mon Dec 30 13:16:33 CST 2019]; root of context hierarchy
13:16:38.202 [main] INFO  o.s.w.s.m.m.a.RequestMappingHandlerAdapter - Looking for @ControllerAdvice: org.springframework.web.context.support.GenericWebApplicationContext@418c5a9c: startup date [Mon Dec 30 13:16:33 CST 2019]; root of context hierarchy
13:16:38.296 [main] INFO  o.s.w.s.m.m.a.RequestMappingHandlerMapping - Mapped "{[/bz_data/failure],methods=[GET]}" onto public java.lang.String com.ggeit.pay.controller.bz_HisController.failure(java.util.Map<java.lang.String, java.lang.Object>,java.lang.String)
13:16:38.296 [main] INFO  o.s.w.s.m.m.a.RequestMappingHandlerMapping - Mapped "{[/bz_data/failure],methods=[GET]}" onto public java.lang.String com.ggeit.pay.controller.bz_HisController.failure(java.util.Map<java.lang.String, java.lang.Object>,java.lang.String)
13:16:38.297 [main] INFO  o.s.w.s.m.m.a.RequestMappingHandlerMapping - Mapped "{[/bz_data/success],methods=[GET]}" onto public java.lang.String com.ggeit.pay.controller.bz_HisController.success(java.util.Map<java.lang.String, java.lang.Object>,java.lang.String)
13:16:38.297 [main] INFO  o.s.w.s.m.m.a.RequestMappingHandlerMapping - Mapped "{[/bz_data/success],methods=[GET]}" onto public java.lang.String com.ggeit.pay.controller.bz_HisController.success(java.util.Map<java.lang.String, java.lang.Object>,java.lang.String)
13:16:38.298 [main] INFO  o.s.w.s.m.m.a.RequestMappingHandlerMapping - Mapped "{[/lay/wxShowtoWrite],methods=[POST]}" onto public java.lang.String com.ggeit.pay.controller.CarPayController.show2write(javax.servlet.http.HttpServletRequest,javax.servlet.http.HttpServletResponse,java.lang.String,java.util.Map<java.lang.String, java.lang.Object>,org.springframework.ui.Model)
13:16:38.298 [main] INFO  o.s.w.s.m.m.a.RequestMappingHandlerMapping - Mapped "{[/lay/wxShowtoWrite],methods=[POST]}" onto public java.lang.String com.ggeit.pay.controller.CarPayController.show2write(javax.servlet.http.HttpServletRequest,javax.servlet.http.HttpServletResponse,java.lang.String,java.util.Map<java.lang.String, java.lang.Object>,org.springframework.ui.Model)
13:16:38.299 [main] INFO  o.s.w.s.m.m.a.RequestMappingHandlerMapping - Mapped "{[/lay/AliShowtoWrite],methods=[POST]}" onto public java.lang.String com.ggeit.pay.controller.CarPayController.alishow2write(javax.servlet.http.HttpServletRequest,javax.servlet.http.HttpServletResponse,java.lang.String,java.util.Map<java.lang.String, java.lang.Object>,org.springframework.ui.Model)
13:16:38.299 [main] INFO  o.s.w.s.m.m.a.RequestMappingHandlerMapping - Mapped "{[/lay/AliShowtoWrite],methods=[POST]}" onto public java.lang.String com.ggeit.pay.controller.CarPayController.alishow2write(javax.servlet.http.HttpServletRequest,javax.servlet.http.HttpServletResponse,java.lang.String,java.util.Map<java.lang.String, java.lang.Object>,org.springframework.ui.Model)
13:16:38.300 [main] INFO  o.s.w.s.m.m.a.RequestMappingHandlerMapping - Mapped "{[/lay/wxshowcarfee],methods=[POST]}" onto public java.lang.String com.ggeit.pay.controller.CarPayController.wxshowcarfee(javax.servlet.http.HttpServletRequest,javax.servlet.http.HttpServletResponse,java.lang.String,java.lang.String,java.util.Map<java.lang.String, java.lang.Object>)
13:16:38.300 [main] INFO  o.s.w.s.m.m.a.RequestMappingHandlerMapping - Mapped "{[/lay/wxshowcarfee],methods=[POST]}" onto public java.lang.String com.ggeit.pay.controller.CarPayController.wxshowcarfee(javax.servlet.http.HttpServletRequest,javax.servlet.http.HttpServletResponse,java.lang.String,java.lang.String,java.util.Map<java.lang.String, java.lang.Object>)
13:16:38.300 [main] INFO  o.s.w.s.m.m.a.RequestMappingHandlerMapping - Mapped "{[/lay/Alishowcarfee],methods=[POST]}" onto public java.lang.String com.ggeit.pay.controller.CarPayController.alishowcarfee(javax.servlet.http.HttpServletRequest,javax.servlet.http.HttpServletResponse,java.lang.String,java.lang.String,java.util.Map<java.lang.String, java.lang.Object>)
13:16:38.300 [main] INFO  o.s.w.s.m.m.a.RequestMappingHandlerMapping - Mapped "{[/lay/Alishowcarfee],methods=[POST]}" onto public java.lang.String com.ggeit.pay.controller.CarPayController.alishowcarfee(javax.servlet.http.HttpServletRequest,javax.servlet.http.HttpServletResponse,java.lang.String,java.lang.String,java.util.Map<java.lang.String, java.lang.Object>)
13:16:38.301 [main] INFO  o.s.w.s.m.m.a.RequestMappingHandlerMapping - Mapped "{[/data/dowxpay],methods=[POST]}" onto public java.util.Map<java.lang.String, java.lang.Object> com.ggeit.pay.controller.DataController.doWxPay(java.lang.String,java.lang.String) throws java.lang.Exception
13:16:38.301 [main] INFO  o.s.w.s.m.m.a.RequestMappingHandlerMapping - Mapped "{[/data/dowxpay],methods=[POST]}" onto public java.util.Map<java.lang.String, java.lang.Object> com.ggeit.pay.controller.DataController.doWxPay(java.lang.String,java.lang.String) throws java.lang.Exception
13:16:38.302 [main] INFO  o.s.w.s.m.m.a.RequestMappingHandlerMapping - Mapped "{[/data/doalipay],methods=[POST]}" onto public java.util.Map<java.lang.String, java.lang.String> com.ggeit.pay.controller.DataController.doAliPay(java.lang.String,java.lang.String)
13:16:38.302 [main] INFO  o.s.w.s.m.m.a.RequestMappingHandlerMapping - Mapped "{[/data/doalipay],methods=[POST]}" onto public java.util.Map<java.lang.String, java.lang.String> com.ggeit.pay.controller.DataController.doAliPay(java.lang.String,java.lang.String)
13:16:38.303 [main] INFO  o.s.w.s.m.m.a.RequestMappingHandlerMapping - Mapped "{[/lay/index],methods=[GET]}" onto public java.lang.String com.ggeit.pay.controller.LayerController.index(javax.servlet.http.HttpServletRequest,javax.servlet.http.HttpServletResponse,java.util.Map<java.lang.String, java.lang.Object>) throws java.lang.Exception
13:16:38.303 [main] INFO  o.s.w.s.m.m.a.RequestMappingHandlerMapping - Mapped "{[/lay/index],methods=[GET]}" onto public java.lang.String com.ggeit.pay.controller.LayerController.index(javax.servlet.http.HttpServletRequest,javax.servlet.http.HttpServletResponse,java.util.Map<java.lang.String, java.lang.Object>) throws java.lang.Exception
13:16:38.303 [main] INFO  o.s.w.s.m.m.a.RequestMappingHandlerMapping - Mapped "{[/lay/alicallback],methods=[GET]}" onto public java.lang.String com.ggeit.pay.controller.LayerController.doAliCallBack(javax.servlet.http.HttpServletRequest,javax.servlet.http.HttpServletResponse,java.util.Map<java.lang.String, java.lang.Object>) throws java.lang.Exception
13:16:38.303 [main] INFO  o.s.w.s.m.m.a.RequestMappingHandlerMapping - Mapped "{[/lay/alicallback],methods=[GET]}" onto public java.lang.String com.ggeit.pay.controller.LayerController.doAliCallBack(javax.servlet.http.HttpServletRequest,javax.servlet.http.HttpServletResponse,java.util.Map<java.lang.String, java.lang.Object>) throws java.lang.Exception
13:16:38.304 [main] INFO  o.s.w.s.m.m.a.RequestMappingHandlerMapping - Mapped "{[/lay/wxcallback],methods=[GET]}" onto public java.lang.String com.ggeit.pay.controller.LayerController.doWxCallBack(javax.servlet.http.HttpServletRequest,javax.servlet.http.HttpServletResponse,java.util.Map<java.lang.String, java.lang.Object>) throws java.lang.Exception
13:16:38.304 [main] INFO  o.s.w.s.m.m.a.RequestMappingHandlerMapping - Mapped "{[/lay/wxcallback],methods=[GET]}" onto public java.lang.String com.ggeit.pay.controller.LayerController.doWxCallBack(javax.servlet.http.HttpServletRequest,javax.servlet.http.HttpServletResponse,java.util.Map<java.lang.String, java.lang.Object>) throws java.lang.Exception
13:16:38.305 [main] INFO  o.s.w.s.m.m.a.RequestMappingHandlerMapping - Mapped "{[/error]}" onto public org.springframework.http.ResponseEntity<java.util.Map<java.lang.String, java.lang.Object>> org.springframework.boot.autoconfigure.web.BasicErrorController.error(javax.servlet.http.HttpServletRequest)
13:16:38.305 [main] INFO  o.s.w.s.m.m.a.RequestMappingHandlerMapping - Mapped "{[/error]}" onto public org.springframework.http.ResponseEntity<java.util.Map<java.lang.String, java.lang.Object>> org.springframework.boot.autoconfigure.web.BasicErrorController.error(javax.servlet.http.HttpServletRequest)
13:16:38.306 [main] INFO  o.s.w.s.m.m.a.RequestMappingHandlerMapping - Mapped "{[/error],produces=[text/html]}" onto public org.springframework.web.servlet.ModelAndView org.springframework.boot.autoconfigure.web.BasicErrorController.errorHtml(javax.servlet.http.HttpServletRequest,javax.servlet.http.HttpServletResponse)
13:16:38.306 [main] INFO  o.s.w.s.m.m.a.RequestMappingHandlerMapping - Mapped "{[/error],produces=[text/html]}" onto public org.springframework.web.servlet.ModelAndView org.springframework.boot.autoconfigure.web.BasicErrorController.errorHtml(javax.servlet.http.HttpServletRequest,javax.servlet.http.HttpServletResponse)
13:16:38.339 [main] INFO  o.s.w.s.h.SimpleUrlHandlerMapping - Mapped URL path [/webjars/**] onto handler of type [class org.springframework.web.servlet.resource.ResourceHttpRequestHandler]
13:16:38.339 [main] INFO  o.s.w.s.h.SimpleUrlHandlerMapping - Mapped URL path [/webjars/**] onto handler of type [class org.springframework.web.servlet.resource.ResourceHttpRequestHandler]
13:16:38.339 [main] INFO  o.s.w.s.h.SimpleUrlHandlerMapping - Mapped URL path [/**] onto handler of type [class org.springframework.web.servlet.resource.ResourceHttpRequestHandler]
13:16:38.339 [main] INFO  o.s.w.s.h.SimpleUrlHandlerMapping - Mapped URL path [/**] onto handler of type [class org.springframework.web.servlet.resource.ResourceHttpRequestHandler]
13:16:38.380 [main] INFO  o.s.w.s.h.SimpleUrlHandlerMapping - Mapped URL path [/**/favicon.ico] onto handler of type [class org.springframework.web.servlet.resource.ResourceHttpRequestHandler]
13:16:38.380 [main] INFO  o.s.w.s.h.SimpleUrlHandlerMapping - Mapped URL path [/**/favicon.ico] onto handler of type [class org.springframework.web.servlet.resource.ResourceHttpRequestHandler]
13:16:39.336 [main] INFO  c.g.pay.AggPayWebApplicationTests - Started AggPayWebApplicationTests in 7.498 seconds (JVM running for 8.916)
13:16:39.455 [Thread-2] INFO  o.s.w.c.s.GenericWebApplicationContext - Closing org.springframework.web.context.support.GenericWebApplicationContext@418c5a9c: startup date [Mon Dec 30 13:16:33 CST 2019]; root of context hierarchy
13:16:39.455 [Thread-2] INFO  o.s.w.c.s.GenericWebApplicationContext - Closing org.springframework.web.context.support.GenericWebApplicationContext@418c5a9c: startup date [Mon Dec 30 13:16:33 CST 2019]; root of context hierarchy
13:16:39.459 [Thread-2] INFO  c.alibaba.druid.pool.DruidDataSource - {dataSource-1} closed
13:28:15.126 [main] INFO  c.g.pay.AggPayWebApplicationTests - Starting AggPayWebApplicationTests on LAPTOP-DHQVS64H with PID 18208 (started by asus in F:\SpringBootProject\TC_agg-pay-web)
13:28:15.166 [main] INFO  c.g.pay.AggPayWebApplicationTests - The following profiles are active: dev2
13:28:15.388 [main] INFO  o.s.w.c.s.GenericWebApplicationContext - Refreshing org.springframework.web.context.support.GenericWebApplicationContext@418c5a9c: startup date [Mon Dec 30 13:28:15 CST 2019]; root of context hierarchy
13:28:15.388 [main] INFO  o.s.w.c.s.GenericWebApplicationContext - Refreshing org.springframework.web.context.support.GenericWebApplicationContext@418c5a9c: startup date [Mon Dec 30 13:28:15 CST 2019]; root of context hierarchy
13:28:15.936 [main] WARN  o.m.s.mapper.ClassPathMapperScanner - No MyBatis mapper was found in '[com.ggeit.pay]' package. Please check your configuration.
13:28:16.561 [main] INFO  c.a.d.s.b.a.DruidDataSourceAutoConfigure - Init DruidDataSource
13:28:17.055 [main] INFO  c.alibaba.druid.pool.DruidDataSource - {dataSource-1} inited
13:28:17.863 [main] INFO  o.s.w.s.m.m.a.RequestMappingHandlerAdapter - Looking for @ControllerAdvice: org.springframework.web.context.support.GenericWebApplicationContext@418c5a9c: startup date [Mon Dec 30 13:28:15 CST 2019]; root of context hierarchy
13:28:17.863 [main] INFO  o.s.w.s.m.m.a.RequestMappingHandlerAdapter - Looking for @ControllerAdvice: org.springframework.web.context.support.GenericWebApplicationContext@418c5a9c: startup date [Mon Dec 30 13:28:15 CST 2019]; root of context hierarchy
13:28:17.924 [main] INFO  o.s.w.s.m.m.a.RequestMappingHandlerMapping - Mapped "{[/bz_data/failure],methods=[GET]}" onto public java.lang.String com.ggeit.pay.controller.bz_HisController.failure(java.util.Map<java.lang.String, java.lang.Object>,java.lang.String)
13:28:17.924 [main] INFO  o.s.w.s.m.m.a.RequestMappingHandlerMapping - Mapped "{[/bz_data/failure],methods=[GET]}" onto public java.lang.String com.ggeit.pay.controller.bz_HisController.failure(java.util.Map<java.lang.String, java.lang.Object>,java.lang.String)
13:28:17.926 [main] INFO  o.s.w.s.m.m.a.RequestMappingHandlerMapping - Mapped "{[/bz_data/success],methods=[GET]}" onto public java.lang.String com.ggeit.pay.controller.bz_HisController.success(java.util.Map<java.lang.String, java.lang.Object>,java.lang.String)
13:28:17.926 [main] INFO  o.s.w.s.m.m.a.RequestMappingHandlerMapping - Mapped "{[/bz_data/success],methods=[GET]}" onto public java.lang.String com.ggeit.pay.controller.bz_HisController.success(java.util.Map<java.lang.String, java.lang.Object>,java.lang.String)
13:28:17.927 [main] INFO  o.s.w.s.m.m.a.RequestMappingHandlerMapping - Mapped "{[/lay/wxshowcarfee],methods=[POST]}" onto public java.lang.String com.ggeit.pay.controller.CarPayController.wxshowcarfee(javax.servlet.http.HttpServletRequest,javax.servlet.http.HttpServletResponse,java.lang.String,java.lang.String,java.util.Map<java.lang.String, java.lang.Object>)
13:28:17.927 [main] INFO  o.s.w.s.m.m.a.RequestMappingHandlerMapping - Mapped "{[/lay/wxshowcarfee],methods=[POST]}" onto public java.lang.String com.ggeit.pay.controller.CarPayController.wxshowcarfee(javax.servlet.http.HttpServletRequest,javax.servlet.http.HttpServletResponse,java.lang.String,java.lang.String,java.util.Map<java.lang.String, java.lang.Object>)
13:28:17.928 [main] INFO  o.s.w.s.m.m.a.RequestMappingHandlerMapping - Mapped "{[/lay/Alishowcarfee],methods=[POST]}" onto public java.lang.String com.ggeit.pay.controller.CarPayController.alishowcarfee(javax.servlet.http.HttpServletRequest,javax.servlet.http.HttpServletResponse,java.lang.String,java.lang.String,java.util.Map<java.lang.String, java.lang.Object>)
13:28:17.928 [main] INFO  o.s.w.s.m.m.a.RequestMappingHandlerMapping - Mapped "{[/lay/Alishowcarfee],methods=[POST]}" onto public java.lang.String com.ggeit.pay.controller.CarPayController.alishowcarfee(javax.servlet.http.HttpServletRequest,javax.servlet.http.HttpServletResponse,java.lang.String,java.lang.String,java.util.Map<java.lang.String, java.lang.Object>)
13:28:17.928 [main] INFO  o.s.w.s.m.m.a.RequestMappingHandlerMapping - Mapped "{[/lay/AliShowtoWrite],methods=[POST]}" onto public java.lang.String com.ggeit.pay.controller.CarPayController.alishow2write(javax.servlet.http.HttpServletRequest,javax.servlet.http.HttpServletResponse,java.lang.String,java.util.Map<java.lang.String, java.lang.Object>,org.springframework.ui.Model)
13:28:17.928 [main] INFO  o.s.w.s.m.m.a.RequestMappingHandlerMapping - Mapped "{[/lay/AliShowtoWrite],methods=[POST]}" onto public java.lang.String com.ggeit.pay.controller.CarPayController.alishow2write(javax.servlet.http.HttpServletRequest,javax.servlet.http.HttpServletResponse,java.lang.String,java.util.Map<java.lang.String, java.lang.Object>,org.springframework.ui.Model)
13:28:17.928 [main] INFO  o.s.w.s.m.m.a.RequestMappingHandlerMapping - Mapped "{[/lay/wxShowtoWrite],methods=[POST]}" onto public java.lang.String com.ggeit.pay.controller.CarPayController.show2write(javax.servlet.http.HttpServletRequest,javax.servlet.http.HttpServletResponse,java.lang.String,java.util.Map<java.lang.String, java.lang.Object>,org.springframework.ui.Model)
13:28:17.928 [main] INFO  o.s.w.s.m.m.a.RequestMappingHandlerMapping - Mapped "{[/lay/wxShowtoWrite],methods=[POST]}" onto public java.lang.String com.ggeit.pay.controller.CarPayController.show2write(javax.servlet.http.HttpServletRequest,javax.servlet.http.HttpServletResponse,java.lang.String,java.util.Map<java.lang.String, java.lang.Object>,org.springframework.ui.Model)
13:28:17.929 [main] INFO  o.s.w.s.m.m.a.RequestMappingHandlerMapping - Mapped "{[/data/dowxpay],methods=[POST]}" onto public java.util.Map<java.lang.String, java.lang.Object> com.ggeit.pay.controller.DataController.doWxPay(java.lang.String,java.lang.String) throws java.lang.Exception
13:28:17.929 [main] INFO  o.s.w.s.m.m.a.RequestMappingHandlerMapping - Mapped "{[/data/dowxpay],methods=[POST]}" onto public java.util.Map<java.lang.String, java.lang.Object> com.ggeit.pay.controller.DataController.doWxPay(java.lang.String,java.lang.String) throws java.lang.Exception
13:28:17.930 [main] INFO  o.s.w.s.m.m.a.RequestMappingHandlerMapping - Mapped "{[/data/doalipay],methods=[POST]}" onto public java.util.Map<java.lang.String, java.lang.String> com.ggeit.pay.controller.DataController.doAliPay(java.lang.String,java.lang.String)
13:28:17.930 [main] INFO  o.s.w.s.m.m.a.RequestMappingHandlerMapping - Mapped "{[/data/doalipay],methods=[POST]}" onto public java.util.Map<java.lang.String, java.lang.String> com.ggeit.pay.controller.DataController.doAliPay(java.lang.String,java.lang.String)
13:28:17.931 [main] INFO  o.s.w.s.m.m.a.RequestMappingHandlerMapping - Mapped "{[/lay/index],methods=[GET]}" onto public java.lang.String com.ggeit.pay.controller.LayerController.index(javax.servlet.http.HttpServletRequest,javax.servlet.http.HttpServletResponse,java.util.Map<java.lang.String, java.lang.Object>) throws java.lang.Exception
13:28:17.931 [main] INFO  o.s.w.s.m.m.a.RequestMappingHandlerMapping - Mapped "{[/lay/index],methods=[GET]}" onto public java.lang.String com.ggeit.pay.controller.LayerController.index(javax.servlet.http.HttpServletRequest,javax.servlet.http.HttpServletResponse,java.util.Map<java.lang.String, java.lang.Object>) throws java.lang.Exception
13:28:17.932 [main] INFO  o.s.w.s.m.m.a.RequestMappingHandlerMapping - Mapped "{[/lay/wxcallback],methods=[GET]}" onto public java.lang.String com.ggeit.pay.controller.LayerController.doWxCallBack(javax.servlet.http.HttpServletRequest,javax.servlet.http.HttpServletResponse,java.util.Map<java.lang.String, java.lang.Object>) throws java.lang.Exception
13:28:17.932 [main] INFO  o.s.w.s.m.m.a.RequestMappingHandlerMapping - Mapped "{[/lay/wxcallback],methods=[GET]}" onto public java.lang.String com.ggeit.pay.controller.LayerController.doWxCallBack(javax.servlet.http.HttpServletRequest,javax.servlet.http.HttpServletResponse,java.util.Map<java.lang.String, java.lang.Object>) throws java.lang.Exception
13:28:17.933 [main] INFO  o.s.w.s.m.m.a.RequestMappingHandlerMapping - Mapped "{[/lay/alicallback],methods=[GET]}" onto public java.lang.String com.ggeit.pay.controller.LayerController.doAliCallBack(javax.servlet.http.HttpServletRequest,javax.servlet.http.HttpServletResponse,java.util.Map<java.lang.String, java.lang.Object>) throws java.lang.Exception
13:28:17.933 [main] INFO  o.s.w.s.m.m.a.RequestMappingHandlerMapping - Mapped "{[/lay/alicallback],methods=[GET]}" onto public java.lang.String com.ggeit.pay.controller.LayerController.doAliCallBack(javax.servlet.http.HttpServletRequest,javax.servlet.http.HttpServletResponse,java.util.Map<java.lang.String, java.lang.Object>) throws java.lang.Exception
13:28:17.934 [main] INFO  o.s.w.s.m.m.a.RequestMappingHandlerMapping - Mapped "{[/error]}" onto public org.springframework.http.ResponseEntity<java.util.Map<java.lang.String, java.lang.Object>> org.springframework.boot.autoconfigure.web.BasicErrorController.error(javax.servlet.http.HttpServletRequest)
13:28:17.934 [main] INFO  o.s.w.s.m.m.a.RequestMappingHandlerMapping - Mapped "{[/error]}" onto public org.springframework.http.ResponseEntity<java.util.Map<java.lang.String, java.lang.Object>> org.springframework.boot.autoconfigure.web.BasicErrorController.error(javax.servlet.http.HttpServletRequest)
13:28:17.935 [main] INFO  o.s.w.s.m.m.a.RequestMappingHandlerMapping - Mapped "{[/error],produces=[text/html]}" onto public org.springframework.web.servlet.ModelAndView org.springframework.boot.autoconfigure.web.BasicErrorController.errorHtml(javax.servlet.http.HttpServletRequest,javax.servlet.http.HttpServletResponse)
13:28:17.935 [main] INFO  o.s.w.s.m.m.a.RequestMappingHandlerMapping - Mapped "{[/error],produces=[text/html]}" onto public org.springframework.web.servlet.ModelAndView org.springframework.boot.autoconfigure.web.BasicErrorController.errorHtml(javax.servlet.http.HttpServletRequest,javax.servlet.http.HttpServletResponse)
13:28:17.962 [main] INFO  o.s.w.s.h.SimpleUrlHandlerMapping - Mapped URL path [/webjars/**] onto handler of type [class org.springframework.web.servlet.resource.ResourceHttpRequestHandler]
13:28:17.962 [main] INFO  o.s.w.s.h.SimpleUrlHandlerMapping - Mapped URL path [/webjars/**] onto handler of type [class org.springframework.web.servlet.resource.ResourceHttpRequestHandler]
13:28:17.962 [main] INFO  o.s.w.s.h.SimpleUrlHandlerMapping - Mapped URL path [/**] onto handler of type [class org.springframework.web.servlet.resource.ResourceHttpRequestHandler]
13:28:17.962 [main] INFO  o.s.w.s.h.SimpleUrlHandlerMapping - Mapped URL path [/**] onto handler of type [class org.springframework.web.servlet.resource.ResourceHttpRequestHandler]
13:28:18.008 [main] INFO  o.s.w.s.h.SimpleUrlHandlerMapping - Mapped URL path [/**/favicon.ico] onto handler of type [class org.springframework.web.servlet.resource.ResourceHttpRequestHandler]
13:28:18.008 [main] INFO  o.s.w.s.h.SimpleUrlHandlerMapping - Mapped URL path [/**/favicon.ico] onto handler of type [class org.springframework.web.servlet.resource.ResourceHttpRequestHandler]
13:28:18.678 [main] INFO  c.g.pay.AggPayWebApplicationTests - Started AggPayWebApplicationTests in 3.994 seconds (JVM running for 4.602)
13:28:18.750 [Thread-2] INFO  o.s.w.c.s.GenericWebApplicationContext - Closing org.springframework.web.context.support.GenericWebApplicationContext@418c5a9c: startup date [Mon Dec 30 13:28:15 CST 2019]; root of context hierarchy
13:28:18.750 [Thread-2] INFO  o.s.w.c.s.GenericWebApplicationContext - Closing org.springframework.web.context.support.GenericWebApplicationContext@418c5a9c: startup date [Mon Dec 30 13:28:15 CST 2019]; root of context hierarchy
13:28:18.753 [Thread-2] INFO  c.alibaba.druid.pool.DruidDataSource - {dataSource-1} closed
